<?xml version="1.0" encoding="UTF-8"?>
<testsuite name="com.kpi.dependencyinjection.BindTest" tests="3" skipped="0" failures="0" errors="0" timestamp="2020-12-13T18:26:26" hostname="DESKTOP-P88O7Q1" time="0.181">
  <properties/>
  <testcase name="instancesInterfaceShouldBeSame()" classname="com.kpi.dependencyinjection.BindTest" time="0.144"/>
  <testcase name="instancesFromAbstractClassShouldBeSame()" classname="com.kpi.dependencyinjection.BindTest" time="0.002"/>
  <testcase name="instancesFromInterfaceImplementationShouldBeSame()" classname="com.kpi.dependencyinjection.BindTest" time="0.011"/>
  <system-out><![CDATA[]]></system-out>
  <system-err><![CDATA[]]></system-err>
</testsuite>
